#
# There is insufficient memory for the Java Runtime Environment to continue.
# Native memory allocation (malloc) failed to allocate 1603376 bytes for Chunk::new
# Possible reasons:
#   The system is out of physical RAM or swap space
#   The process is running with CompressedOops enabled, and the Java Heap may be blocking the growth of the native heap
# Possible solutions:
#   Reduce memory load on the system
#   Increase physical memory or swap space
#   Check if swap backing store is full
#   Decrease Java heap size (-Xmx/-Xms)
#   Decrease number of Java threads
#   Decrease Java thread stack sizes (-Xss)
#   Set larger code cache with -XX:ReservedCodeCacheSize=
#   JVM is running with Unscaled Compressed Oops mode in which the Java heap is
#     placed in the first 4GB address space. The Java Heap base address is the
#     maximum limit for the native heap growth. Please use -XX:HeapBaseMinAddress
#     to set the Java Heap base and to place the Java Heap above 4GB virtual address.
# This output file may be truncated or incomplete.
#
#  Out of Memory Error (allocation.cpp:389), pid=9456, tid=0x000000000000315c
#
# JRE version: OpenJDK Runtime Environment (8.0_242-b01) (build 1.8.0_242-release-1644-b01)
# Java VM: OpenJDK 64-Bit Server VM (25.242-b01 mixed mode windows-amd64 compressed oops)
# Failed to write core dump. Minidumps are not enabled by default on client versions of Windows
#

---------------  T H R E A D  ---------------

Current thread (0x0000000017f23000):  JavaThread "C2 CompilerThread1" daemon [_thread_in_native, id=12636, stack(0x0000000019680000,0x0000000019780000)]

Stack: [0x0000000019680000,0x0000000019780000]
[error occurred during error reporting (printing stack bounds), id 0xc0000005]

Native frames: (J=compiled Java code, j=interpreted, Vv=VM code, C=native code)


Current CompileTask:
C2:9356699 22769 %     4       com.android.tools.r8.ir.regalloc.a::a @ 2118 (3992 bytes)


---------------  P R O C E S S  ---------------

Java Threads: ( => current thread )
  0x000000001bd9c800 JavaThread "WorkerExecutor Queue Thread 6" [_thread_blocked, id=6524, stack(0x000000002cec0000,0x000000002cfc0000)]
  0x00000000220b6000 JavaThread "WorkerExecutor Queue Thread 5" [_thread_blocked, id=7492, stack(0x000000002d580000,0x000000002d680000)]
  0x00000000220bb000 JavaThread "stdout" [_thread_in_native, id=15920, stack(0x000000002de80000,0x000000002df80000)]
  0x00000000220b9800 JavaThread "stderr" [_thread_in_native, id=12720, stack(0x000000002dd80000,0x000000002de80000)]
  0x00000000220ba800 JavaThread "stdout" [_thread_in_native, id=15872, stack(0x000000002dc80000,0x000000002dd80000)]
  0x00000000220b6800 JavaThread "stderr" [_thread_in_native, id=6836, stack(0x000000002db80000,0x000000002dc80000)]
  0x00000000220b9000 JavaThread "stdout" [_thread_in_native, id=15088, stack(0x000000002da80000,0x000000002db80000)]
  0x00000000220bc000 JavaThread "stderr" [_thread_in_native, id=11360, stack(0x000000002d980000,0x000000002da80000)]
  0x00000000220b8000 JavaThread "stdout" [_thread_in_native, id=9300, stack(0x000000002d880000,0x000000002d980000)]
  0x00000000220b7800 JavaThread "stderr" [_thread_in_native, id=11432, stack(0x000000002d780000,0x000000002d880000)]
  0x000000001bda4800 JavaThread "pool-8-thread-1" [_thread_blocked, id=7756, stack(0x000000002d680000,0x000000002d780000)]
  0x000000001bda1800 JavaThread "Cache worker for execution history cache (D:\Calculator\.gradle\6.5\executionHistory)" [_thread_blocked, id=9408, stack(0x000000002cdc0000,0x000000002cec0000)]
  0x000000001bd9e000 JavaThread "Execution worker for ':' Thread 3" [_thread_blocked, id=11308, stack(0x000000002ccc0000,0x000000002cdc0000)]
  0x000000001bda2800 JavaThread "Execution worker for ':' Thread 2" [_thread_blocked, id=11036, stack(0x000000002cbc0000,0x000000002ccc0000)]
  0x000000001bda3000 JavaThread "Execution worker for ':'" [_thread_blocked, id=6496, stack(0x000000002cac0000,0x000000002cbc0000)]
  0x000000001bd9a000 JavaThread "Cache worker for file content cache (D:\Calculator\.gradle\6.5\fileContent)" [_thread_blocked, id=10256, stack(0x000000002b950000,0x000000002ba50000)]
  0x000000001bd9b800 JavaThread "Cache worker for Build Output Cleanup Cache (D:\Calculator\.gradle\buildOutputCleanup)" [_thread_blocked, id=15468, stack(0x00000000285b0000,0x00000000286b0000)]
  0x000000001c664000 JavaThread "Build operations Thread 4" [_thread_in_native, id=1504, stack(0x000000001fcd0000,0x000000001fdd0000)]
  0x000000001c663800 JavaThread "Build operations Thread 3" [_thread_in_Java, id=11964, stack(0x000000001fbd0000,0x000000001fcd0000)]
  0x000000001c662800 JavaThread "Build operations Thread 2" [_thread_in_Java, id=3904, stack(0x000000001fad0000,0x000000001fbd0000)]
  0x000000001c667000 JavaThread "Build operations" [_thread_in_native, id=4936, stack(0x000000001f9d0000,0x000000001fad0000)]
  0x000000001c666800 JavaThread "Cache worker for cache directory md-rule (C:\Users\LENOVO\.gradle\caches\6.5\md-rule)" [_thread_blocked, id=3928, stack(0x000000001f4d0000,0x000000001f5d0000)]
  0x000000001c65b000 JavaThread "Cache worker for cache directory md-supplier (C:\Users\LENOVO\.gradle\caches\6.5\md-supplier)" [_thread_blocked, id=2504, stack(0x000000001da00000,0x000000001db00000)]
  0x000000001c662000 JavaThread "Cache worker for checksums cache (D:\Calculator\.gradle\checksums)" [_thread_blocked, id=15960, stack(0x000000001d900000,0x000000001da00000)]
  0x000000001c65a800 JavaThread "Cache worker for file hash cache (D:\Calculator\.gradle\6.5\fileHashes)" [_thread_blocked, id=10780, stack(0x000000001d800000,0x000000001d900000)]
  0x000000001c661000 JavaThread "Thread-348" [_thread_blocked, id=10012, stack(0x000000001d700000,0x000000001d800000)]
  0x000000001c659800 JavaThread "Stdin handler" [_thread_blocked, id=2592, stack(0x000000001d600000,0x000000001d700000)]
  0x000000001c660800 JavaThread "Asynchronous log dispatcher for DefaultDaemonConnection: socket connection from /127.0.0.1:59527 to /127.0.0.1:50623" [_thread_blocked, id=4684, stack(0x000000001d500000,0x000000001d600000)]
  0x000000001c65f800 JavaThread "Cancel handler" [_thread_blocked, id=8884, stack(0x000000001cdc0000,0x000000001cec0000)]
  0x000000001c659000 JavaThread "Handler for socket connection from /127.0.0.1:59527 to /127.0.0.1:50623" [_thread_in_native, id=13852, stack(0x000000001ccc0000,0x000000001cdc0000)]
  0x000000001c65e000 JavaThread "jar transforms Thread 276" [_thread_blocked, id=764, stack(0x00000000284b0000,0x00000000285b0000)]
  0x000000001c65d800 JavaThread "jar transforms Thread 275" [_thread_blocked, id=5412, stack(0x00000000283b0000,0x00000000284b0000)]
  0x000000001c65c800 JavaThread "jar transforms Thread 274" [_thread_blocked, id=15808, stack(0x00000000282b0000,0x00000000283b0000)]
  0x000000001c65c000 JavaThread "jar transforms Thread 273" [_thread_blocked, id=12724, stack(0x00000000281b0000,0x00000000282b0000)]
  0x000000001c65f000 JavaThread "jar transforms Thread 272" [_thread_blocked, id=8220, stack(0x00000000280b0000,0x00000000281b0000)]
  0x000000001b26c800 JavaThread "jar transforms Thread 271" [_thread_blocked, id=15028, stack(0x0000000027fb0000,0x00000000280b0000)]
  0x000000001b26b000 JavaThread "jar transforms Thread 270" [_thread_blocked, id=13332, stack(0x0000000027eb0000,0x0000000027fb0000)]
  0x000000001b26c000 JavaThread "jar transforms Thread 269" [_thread_blocked, id=5512, stack(0x0000000027db0000,0x0000000027eb0000)]
  0x000000001b270800 JavaThread "jar transforms Thread 268" [_thread_blocked, id=2812, stack(0x0000000027cb0000,0x0000000027db0000)]
  0x000000001b26f000 JavaThread "jar transforms Thread 267" [_thread_blocked, id=16160, stack(0x0000000027bb0000,0x0000000027cb0000)]
  0x000000001b269800 JavaThread "jar transforms Thread 266" [_thread_blocked, id=1556, stack(0x0000000027ab0000,0x0000000027bb0000)]
  0x000000001b26f800 JavaThread "jar transforms Thread 265" [_thread_blocked, id=15392, stack(0x00000000279b0000,0x0000000027ab0000)]
  0x000000001b26a800 JavaThread "jar transforms Thread 264" [_thread_blocked, id=1896, stack(0x00000000278b0000,0x00000000279b0000)]
  0x000000001b26e000 JavaThread "jar transforms Thread 263" [_thread_blocked, id=10644, stack(0x00000000277b0000,0x00000000278b0000)]
  0x000000001b26d800 JavaThread "jar transforms Thread 262" [_thread_blocked, id=7624, stack(0x00000000276b0000,0x00000000277b0000)]
  0x000000001b269000 JavaThread "jar transforms Thread 261" [_thread_blocked, id=6800, stack(0x00000000275b0000,0x00000000276b0000)]
  0x000000001b261800 JavaThread "jar transforms Thread 260" [_thread_blocked, id=5308, stack(0x00000000274b0000,0x00000000275b0000)]
  0x000000001b268000 JavaThread "jar transforms Thread 259" [_thread_blocked, id=8956, stack(0x00000000273b0000,0x00000000274b0000)]
  0x000000001b264800 JavaThread "jar transforms Thread 258" [_thread_blocked, id=13352, stack(0x00000000272b0000,0x00000000273b0000)]
  0x000000001b263000 JavaThread "jar transforms Thread 257" [_thread_blocked, id=2828, stack(0x00000000271b0000,0x00000000272b0000)]
  0x000000001b262000 JavaThread "jar transforms Thread 256" [_thread_blocked, id=15536, stack(0x00000000270b0000,0x00000000271b0000)]
  0x000000001b267800 JavaThread "jar transforms Thread 255" [_thread_blocked, id=15452, stack(0x0000000026fb0000,0x00000000270b0000)]
  0x000000001b266800 JavaThread "jar transforms Thread 254" [_thread_blocked, id=11968, stack(0x0000000026eb0000,0x0000000026fb0000)]
  0x000000001b266000 JavaThread "jar transforms Thread 253" [_thread_blocked, id=15576, stack(0x0000000026db0000,0x0000000026eb0000)]
  0x000000001b263800 JavaThread "jar transforms Thread 252" [_thread_blocked, id=5356, stack(0x0000000026cb0000,0x0000000026db0000)]
  0x000000001b265000 JavaThread "jar transforms Thread 251" [_thread_blocked, id=15368, stack(0x0000000026bb0000,0x0000000026cb0000)]
  0x000000002917a800 JavaThread "jar transforms Thread 250" [_thread_blocked, id=12280, stack(0x0000000026ab0000,0x0000000026bb0000)]
  0x000000002917a000 JavaThread "jar transforms Thread 249" [_thread_blocked, id=13116, stack(0x00000000269b0000,0x0000000026ab0000)]
  0x0000000029179000 JavaThread "jar transforms Thread 248" [_thread_blocked, id=9260, stack(0x00000000268b0000,0x00000000269b0000)]
  0x0000000029178800 JavaThread "jar transforms Thread 247" [_thread_blocked, id=6828, stack(0x00000000267b0000,0x00000000268b0000)]
  0x000000002917b800 JavaThread "jar transforms Thread 246" [_thread_blocked, id=5196, stack(0x00000000266b0000,0x00000000267b0000)]
  0x0000000029177800 JavaThread "jar transforms Thread 245" [_thread_blocked, id=12052, stack(0x00000000265b0000,0x00000000266b0000)]
  0x0000000029172800 JavaThread "jar transforms Thread 244" [_thread_blocked, id=9924, stack(0x00000000264b0000,0x00000000265b0000)]
  0x0000000029177000 JavaThread "jar transforms Thread 243" [_thread_blocked, id=8432, stack(0x00000000263b0000,0x00000000264b0000)]
  0x0000000029175800 JavaThread "jar transforms Thread 242" [_thread_blocked, id=4816, stack(0x00000000262b0000,0x00000000263b0000)]
  0x0000000029174800 JavaThread "jar transforms Thread 241" [_thread_blocked, id=9772, stack(0x00000000261b0000,0x00000000262b0000)]
  0x0000000029176000 JavaThread "jar transforms Thread 240" [_thread_blocked, id=9472, stack(0x00000000260b0000,0x00000000261b0000)]
  0x000000002916f800 JavaThread "jar transforms Thread 239" [_thread_blocked, id=11952, stack(0x0000000025fb0000,0x00000000260b0000)]
  0x000000002916e800 JavaThread "jar transforms Thread 238" [_thread_blocked, id=11476, stack(0x0000000025eb0000,0x0000000025fb0000)]
  0x0000000029171800 JavaThread "jar transforms Thread 237" [_thread_blocked, id=11356, stack(0x0000000025db0000,0x0000000025eb0000)]
  0x0000000029174000 JavaThread "jar transforms Thread 236" [_thread_blocked, id=13256, stack(0x0000000025cb0000,0x0000000025db0000)]
  0x000000002916c800 JavaThread "jar transforms Thread 235" [_thread_blocked, id=6872, stack(0x0000000025bb0000,0x0000000025cb0000)]
  0x0000000029173000 JavaThread "jar transforms Thread 234" [_thread_blocked, id=16332, stack(0x0000000025ab0000,0x0000000025bb0000)]
  0x0000000029170000 JavaThread "jar transforms Thread 233" [_thread_blocked, id=15660, stack(0x00000000259b0000,0x0000000025ab0000)]
  0x000000002916e000 JavaThread "jar transforms Thread 232" [_thread_blocked, id=9552, stack(0x00000000258b0000,0x00000000259b0000)]
  0x0000000029171000 JavaThread "jar transforms Thread 231" [_thread_blocked, id=11604, stack(0x00000000257b0000,0x00000000258b0000)]
  0x000000002916d000 JavaThread "jar transforms Thread 230" [_thread_blocked, id=14044, stack(0x00000000256b0000,0x00000000257b0000)]
  0x000000001be92000 JavaThread "jar transforms Thread 229" [_thread_blocked, id=14260, stack(0x00000000255b0000,0x00000000256b0000)]
  0x000000001be91800 JavaThread "jar transforms Thread 228" [_thread_blocked, id=7184, stack(0x00000000254b0000,0x00000000255b0000)]
  0x000000001be90000 JavaThread "jar transforms Thread 227" [_thread_blocked, id=15120, stack(0x00000000253b0000,0x00000000254b0000)]
  0x000000001be8d000 JavaThread "jar transforms Thread 226" [_thread_blocked, id=14040, stack(0x00000000252b0000,0x00000000253b0000)]
  0x000000001be90800 JavaThread "jar transforms Thread 225" [_thread_blocked, id=3376, stack(0x00000000251b0000,0x00000000252b0000)]
  0x000000001be93800 JavaThread "jar transforms Thread 224" [_thread_blocked, id=12608, stack(0x00000000250b0000,0x00000000251b0000)]
  0x000000001be8e800 JavaThread "jar transforms Thread 223" [_thread_blocked, id=12404, stack(0x0000000024fb0000,0x00000000250b0000)]
  0x000000001be8f000 JavaThread "jar transforms Thread 222" [_thread_blocked, id=12192, stack(0x0000000024eb0000,0x0000000024fb0000)]
  0x000000001a15b000 JavaThread "jar transforms Thread 221" [_thread_blocked, id=9760, stack(0x0000000024db0000,0x0000000024eb0000)]
  0x000000001a153000 JavaThread "jar transforms Thread 220" [_thread_blocked, id=8364, stack(0x0000000024cb0000,0x0000000024db0000)]
  0x000000001a159800 JavaThread "jar transforms Thread 219" [_thread_blocked, id=1316, stack(0x0000000024bb0000,0x0000000024cb0000)]
  0x000000001a154000 JavaThread "jar transforms Thread 218" [_thread_blocked, id=9696, stack(0x0000000024ab0000,0x0000000024bb0000)]
  0x000000001a154800 JavaThread "jar transforms Thread 217" [_thread_blocked, id=13360, stack(0x00000000249b0000,0x0000000024ab0000)]
  0x000000001a158800 JavaThread "jar transforms Thread 216" [_thread_blocked, id=15040, stack(0x00000000248b0000,0x00000000249b0000)]
  0x000000001a14b800 JavaThread "jar transforms Thread 215" [_thread_blocked, id=10900, stack(0x00000000247b0000,0x00000000248b0000)]
  0x000000001a152800 JavaThread "jar transforms Thread 214" [_thread_blocked, id=5932, stack(0x00000000246b0000,0x00000000247b0000)]
  0x000000001a151800 JavaThread "jar transforms Thread 213" [_thread_blocked, id=10880, stack(0x00000000245b0000,0x00000000246b0000)]
  0x000000001a14e000 JavaThread "jar transforms Thread 212" [_thread_blocked, id=12408, stack(0x00000000244b0000,0x00000000245b0000)]
  0x000000001a14d000 JavaThread "jar transforms Thread 211" [_thread_blocked, id=10712, stack(0x00000000243b0000,0x00000000244b0000)]
  0x000000001a151000 JavaThread "jar transforms Thread 210" [_thread_blocked, id=14056, stack(0x00000000242b0000,0x00000000243b0000)]
  0x000000001a150000 JavaThread "jar transforms Thread 209" [_thread_blocked, id=7404, stack(0x00000000241b0000,0x00000000242b0000)]
  0x000000001a14f800 JavaThread "jar transforms Thread 208" [_thread_blocked, id=10816, stack(0x00000000240b0000,0x00000000241b0000)]
  0x000000001a14c800 JavaThread "jar transforms Thread 207" [_thread_blocked, id=4040, stack(0x0000000023fb0000,0x00000000240b0000)]
  0x000000001a14e800 JavaThread "jar transforms Thread 206" [_thread_blocked, id=9608, stack(0x0000000023eb0000,0x0000000023fb0000)]
  0x000000001ab5f800 JavaThread "jar transforms Thread 205" [_thread_blocked, id=6712, stack(0x0000000023bb0000,0x0000000023cb0000)]
  0x000000001ab64800 JavaThread "jar transforms Thread 204" [_thread_blocked, id=10164, stack(0x0000000023ab0000,0x0000000023bb0000)]
  0x000000001ab66800 JavaThread "jar transforms Thread 203" [_thread_blocked, id=2996, stack(0x00000000239b0000,0x0000000023ab0000)]
  0x000000001ab61000 JavaThread "jar transforms Thread 202" [_thread_blocked, id=3220, stack(0x00000000238b0000,0x00000000239b0000)]
  0x000000001ab61800 JavaThread "jar transforms Thread 201" [_thread_blocked, id=5492, stack(0x00000000235b0000,0x00000000236b0000)]
  0x000000001ab60000 JavaThread "jar transforms Thread 200" [_thread_blocked, id=720, stack(0x00000000216d0000,0x00000000217d0000)]
  0x000000001ab58000 JavaThread "jar transforms Thread 199" [_thread_blocked, id=16064, stack(0x0000000020dd0000,0x0000000020ed0000)]
  0x000000001ab58800 JavaThread "jar transforms Thread 198" [_thread_blocked, id=11176, stack(0x0000000020cd0000,0x0000000020dd0000)]
  0x000000001ab5e800 JavaThread "jar transforms Thread 197" [_thread_blocked, id=8056, stack(0x0000000020bd0000,0x0000000020cd0000)]
  0x000000001ab57000 JavaThread "jar transforms Thread 196" [_thread_blocked, id=13928, stack(0x00000000208d0000,0x00000000209d0000)]
  0x000000001ab5e000 JavaThread "jar transforms Thread 195" [_thread_blocked, id=3032, stack(0x00000000207d0000,0x00000000208d0000)]
  0x000000001ab5a000 JavaThread "jar transforms Thread 194" [_thread_blocked, id=6436, stack(0x00000000206d0000,0x00000000207d0000)]
  0x000000001ab5b000 JavaThread "jar transforms Thread 193" [_thread_blocked, id=9596, stack(0x00000000205d0000,0x00000000206d0000)]
  0x000000001ab5d000 JavaThread "jar transforms Thread 192" [_thread_blocked, id=9672, stack(0x00000000204d0000,0x00000000205d0000)]
  0x000000001ab5c800 JavaThread "jar transforms Thread 191" [_thread_blocked, id=7392, stack(0x00000000203d0000,0x00000000204d0000)]
  0x000000001ab5b800 JavaThread "jar transforms Thread 190" [_thread_blocked, id=7736, stack(0x00000000202d0000,0x00000000203d0000)]
  0x000000001ab59800 JavaThread "jar transforms Thread 189" [_thread_blocked, id=2428, stack(0x00000000201d0000,0x00000000202d0000)]
  0x000000001bda6000 JavaThread "jar transforms Thread 188" [_thread_blocked, id=11724, stack(0x00000000200d0000,0x00000000201d0000)]
  0x000000001bda8800 JavaThread "jar transforms Thread 187" [_thread_blocked, id=3868, stack(0x000000001ffd0000,0x00000000200d0000)]
  0x000000001bda5800 JavaThread "jar transforms Thread 186" [_thread_blocked, id=13000, stack(0x000000001fed0000,0x000000001ffd0000)]
  0x000000001bda7800 JavaThread "jar transforms Thread 185" [_thread_blocked, id=14488, stack(0x000000001fdd0000,0x000000001fed0000)]
  0x000000001bd9b000 JavaThread "Daemon worker Thread 3" [_thread_blocked, id=15412, stack(0x000000001d400000,0x000000001d500000)]
  0x000000001bd9e800 JavaThread "Daemon Thread 3" [_thread_blocked, id=7176, stack(0x0000000001560000,0x0000000001660000)]
  0x000000001ab62800 JavaThread "Memory manager" [_thread_blocked, id=12216, stack(0x000000002b850000,0x000000002b950000)]
  0x000000001a157000 JavaThread "Cache worker for file content cache (C:\Users\LENOVO\.gradle\caches\6.5\fileContent)" [_thread_blocked, id=4916, stack(0x00000000215d0000,0x00000000216d0000)]
  0x000000001a15a000 JavaThread "Cache worker for execution history cache (C:\Users\LENOVO\.gradle\caches\6.5\executionHistory)" [_thread_blocked, id=7636, stack(0x00000000210d0000,0x00000000211d0000)]
  0x000000001be93000 JavaThread "Cache worker for file hash cache (C:\Users\LENOVO\.gradle\caches\6.5\fileHashes)" [_thread_blocked, id=11352, stack(0x000000001e000000,0x000000001e100000)]
  0x000000001be8d800 JavaThread "File lock request listener" [_thread_in_native, id=8456, stack(0x000000001df00000,0x000000001e000000)]
  0x000000001bc95000 JavaThread "Cache worker for journal cache (C:\Users\LENOVO\.gradle\caches\journal-1)" [_thread_blocked, id=16032, stack(0x000000001dd00000,0x000000001de00000)]
  0x000000001bb55800 JavaThread "Daemon periodic checks" [_thread_blocked, id=1384, stack(0x000000001d100000,0x000000001d200000)]
  0x000000001baf1000 JavaThread "Incoming local TCP Connector on port 59527" [_thread_in_native, id=10096, stack(0x000000001cec0000,0x000000001cfc0000)]
  0x000000001b9f5000 JavaThread "Daemon health stats" [_thread_blocked, id=6472, stack(0x000000001c880000,0x000000001c980000)]
  0x00000000198b0800 JavaThread "Service Thread" daemon [_thread_blocked, id=14860, stack(0x0000000019c80000,0x0000000019d80000)]
  0x0000000017f2a800 JavaThread "C1 CompilerThread2" daemon [_thread_blocked, id=4380, stack(0x0000000019780000,0x0000000019880000)]
=>0x0000000017f23000 JavaThread "C2 CompilerThread1" daemon [_thread_in_native, id=12636, stack(0x0000000019680000,0x0000000019780000)]
  0x0000000017f16800 JavaThread "C2 CompilerThread0" daemon [_thread_in_native, id=11096, stack(0x0000000019580000,0x0000000019680000)]
  0x0000000017f15000 JavaThread "Attach Listener" daemon [_thread_blocked, id=6592, stack(0x0000000019480000,0x0000000019580000)]
  0x0000000017f14000 JavaThread "Signal Dispatcher" daemon [_thread_blocked, id=13616, stack(0x0000000019380000,0x0000000019480000)]
  0x00000000032ea800 JavaThread "Finalizer" daemon [_thread_blocked, id=13824, stack(0x0000000019180000,0x0000000019280000)]
  0x0000000017ef9000 JavaThread "Reference Handler" daemon [_thread_blocked, id=12120, stack(0x0000000019080000,0x0000000019180000)]
  0x00000000031f2800 JavaThread "main" [_thread_blocked, id=7724, stack(0x00000000030f0000,0x00000000031f0000)]

Other Threads:
  0x0000000017ed6000 VMThread [stack: 0x0000000018f80000,0x0000000019080000] [id=3712]
  0x0000000017f6d000 WatcherThread [stack: 0x0000000019d80000,0x0000000019e80000] [id=2868]

VM state:not at safepoint (normal execution)

VM Mutex/Monitor currently owned by a thread: None

heap address: 0x0000000080000000, size: 2048 MB, Compressed Oops mode: 32-bit
Narrow klass base: 0x0000000000000000, Narrow klass shift: 3
Compressed class space size: 1073741824 Address: 0x0000000100000000

Heap:
 PSYoungGen      total 441344K, used 67538K [0x00000000d5580000, 0x00000000f3e00000, 0x0000000100000000)
  eden space 382464K, 13% used [0x00000000d5580000,0x00000000d8995f90,0x00000000ecb00000)
  from space 58880K, 24% used [0x00000000ecb00000,0x00000000ed8dea50,0x00000000f0480000)
  to   space 57856K, 0% used [0x00000000f0580000,0x00000000f0580000,0x00000000f3e00000)
 ParOldGen       total 201216K, used 99522K [0x0000000080000000, 0x000000008c480000, 0x00000000d5580000)
  object space 201216K, 49% used [0x0000000080000000,0x00000000861308f0,0x000000008c480000)
 Metaspace       used 107960K, capacity 113359K, committed 113484K, reserved 1148928K
  class space    used 13852K, capacity 14884K, committed 14964K, reserved 1048576K

Card table byte_map: [0x00000000126b0000,0x0000000012ac0000] byte_map_base: 0x00000000122b0000

Marking Bits: (ParMarkBitMap*) 0x000000007008f030
 Begin Bits: [0x0000000013170000, 0x0000000015170000)
 End Bits:   [0x0000000015170000, 0x0000000017170000)

Polling page: 0x00000000018c0000

CodeCache: size=245760Kb used=66857Kb max_used=66883Kb free=178902Kb
 bounds [0x00000000032f0000, 0x00000000074c0000, 0x00000000122f0000]
 total_blobs=19434 nmethods=18514 adapters=830
 compilation: enabled

Compilation events (10 events):
Event: 9356.262 Thread 0x0000000017f16800 nmethod 22630 0x000000000671ea90 code [0x000000000671ed80, 0x0000000006720480]
Event: 9356.262 Thread 0x0000000017f16800 22643       4       java.util.AbstractCollection::removeAll (49 bytes)
Event: 9356.268 Thread 0x0000000017f2a800 22833       2       com.android.tools.r8.graph.e1::a (15 bytes)
Event: 9356.268 Thread 0x0000000017f2a800 nmethod 22833 0x000000000671e650 code [0x000000000671e7a0, 0x000000000671e990]
Event: 9356.273 Thread 0x0000000017f16800 nmethod 22643 0x00000000060ca4d0 code [0x00000000060ca640, 0x00000000060cab18]
Event: 9356.273 Thread 0x0000000017f16800 22772       4       com.android.tools.r8.s.a.h.e::a (45 bytes)
Event: 9356.281 Thread 0x0000000017f16800 nmethod 22772 0x000000000684f990 code [0x000000000684fb00, 0x000000000684fe88]
Event: 9356.281 Thread 0x0000000017f16800 21183       4       com.android.tools.r8.ir.conversion.N::c (178 bytes)
Event: 9356.455 Thread 0x0000000017f16800 nmethod 21183 0x0000000007416a10 code [0x0000000007416fa0, 0x000000000741ab10]
Event: 9356.455 Thread 0x0000000017f16800 22771 %     4       com.android.tools.r8.ir.regalloc.a::i @ 185 (610 bytes)

GC Heap History (10 events):
Event: 9344.392 GC heap before
{Heap before GC invocations=30 (full 5):
 PSYoungGen      total 440320K, used 394009K [0x00000000d5580000, 0x00000000f3e00000, 0x0000000100000000)
  eden space 382464K, 100% used [0x00000000d5580000,0x00000000ecb00000,0x00000000ecb00000)
  from space 57856K, 19% used [0x00000000f0580000,0x00000000f10c67c8,0x00000000f3e00000)
  to   space 58880K, 0% used [0x00000000ecb00000,0x00000000ecb00000,0x00000000f0480000)
 ParOldGen       total 201216K, used 92510K [0x0000000080000000, 0x000000008c480000, 0x00000000d5580000)
  object space 201216K, 45% used [0x0000000080000000,0x0000000085a57b68,0x000000008c480000)
 Metaspace       used 107279K, capacity 112563K, committed 112972K, reserved 1146880K
  class space    used 13800K, capacity 14810K, committed 14964K, reserved 1048576K
Event: 9344.437 GC heap after
Heap after GC invocations=30 (full 5):
 PSYoungGen      total 441344K, used 13120K [0x00000000d5580000, 0x00000000f3e00000, 0x0000000100000000)
  eden space 382464K, 0% used [0x00000000d5580000,0x00000000d5580000,0x00000000ecb00000)
  from space 58880K, 22% used [0x00000000ecb00000,0x00000000ed7d0040,0x00000000f0480000)
  to   space 57856K, 0% used [0x00000000f0580000,0x00000000f0580000,0x00000000f3e00000)
 ParOldGen       total 201216K, used 92510K [0x0000000080000000, 0x000000008c480000, 0x00000000d5580000)
  object space 201216K, 45% used [0x0000000080000000,0x0000000085a57b68,0x000000008c480000)
 Metaspace       used 107279K, capacity 112563K, committed 112972K, reserved 1146880K
  class space    used 13800K, capacity 14810K, committed 14964K, reserved 1048576K
}
Event: 9347.389 GC heap before
{Heap before GC invocations=31 (full 5):
 PSYoungGen      total 441344K, used 395584K [0x00000000d5580000, 0x00000000f3e00000, 0x0000000100000000)
  eden space 382464K, 100% used [0x00000000d5580000,0x00000000ecb00000,0x00000000ecb00000)
  from space 58880K, 22% used [0x00000000ecb00000,0x00000000ed7d0040,0x00000000f0480000)
  to   space 57856K, 0% used [0x00000000f0580000,0x00000000f0580000,0x00000000f3e00000)
 ParOldGen       total 201216K, used 92510K [0x0000000080000000, 0x000000008c480000, 0x00000000d5580000)
  object space 201216K, 45% used [0x0000000080000000,0x0000000085a57b68,0x000000008c480000)
 Metaspace       used 107324K, capacity 112635K, committed 112972K, reserved 1146880K
  class space    used 13800K, capacity 14810K, committed 14964K, reserved 1048576K
Event: 9347.425 GC heap after
Heap after GC invocations=31 (full 5):
 PSYoungGen      total 440320K, used 15666K [0x00000000d5580000, 0x00000000f3e00000, 0x0000000100000000)
  eden space 382464K, 0% used [0x00000000d5580000,0x00000000d5580000,0x00000000ecb00000)
  from space 57856K, 27% used [0x00000000f0580000,0x00000000f14cc8f0,0x00000000f3e00000)
  to   space 58880K, 0% used [0x00000000ecb00000,0x00000000ecb00000,0x00000000f0480000)
 ParOldGen       total 201216K, used 92518K [0x0000000080000000, 0x000000008c480000, 0x00000000d5580000)
  object space 201216K, 45% used [0x0000000080000000,0x0000000085a59b68,0x000000008c480000)
 Metaspace       used 107324K, capacity 112635K, committed 112972K, reserved 1146880K
  class space    used 13800K, capacity 14810K, committed 14964K, reserved 1048576K
}
Event: 9349.374 GC heap before
{Heap before GC invocations=32 (full 5):
 PSYoungGen      total 440320K, used 398130K [0x00000000d5580000, 0x00000000f3e00000, 0x0000000100000000)
  eden space 382464K, 100% used [0x00000000d5580000,0x00000000ecb00000,0x00000000ecb00000)
  from space 57856K, 27% used [0x00000000f0580000,0x00000000f14cc8f0,0x00000000f3e00000)
  to   space 58880K, 0% used [0x00000000ecb00000,0x00000000ecb00000,0x00000000f0480000)
 ParOldGen       total 201216K, used 92518K [0x0000000080000000, 0x000000008c480000, 0x00000000d5580000)
  object space 201216K, 45% used [0x0000000080000000,0x0000000085a59b68,0x000000008c480000)
 Metaspace       used 107566K, capacity 112891K, committed 113228K, reserved 1146880K
  class space    used 13818K, capacity 14846K, committed 14964K, reserved 1048576K
Event: 9349.439 GC heap after
Heap after GC invocations=32 (full 5):
 PSYoungGen      total 441344K, used 17264K [0x00000000d5580000, 0x00000000f3e00000, 0x0000000100000000)
  eden space 382464K, 0% used [0x00000000d5580000,0x00000000d5580000,0x00000000ecb00000)
  from space 58880K, 29% used [0x00000000ecb00000,0x00000000edbdc050,0x00000000f0480000)
  to   space 57856K, 0% used [0x00000000f0580000,0x00000000f0580000,0x00000000f3e00000)
 ParOldGen       total 201216K, used 92526K [0x0000000080000000, 0x000000008c480000, 0x00000000d5580000)
  object space 201216K, 45% used [0x0000000080000000,0x0000000085a5bb68,0x000000008c480000)
 Metaspace       used 107566K, capacity 112891K, committed 113228K, reserved 1146880K
  class space    used 13818K, capacity 14846K, committed 14964K, reserved 1048576K
}
Event: 9352.415 GC heap before
{Heap before GC invocations=33 (full 5):
 PSYoungGen      total 441344K, used 399728K [0x00000000d5580000, 0x00000000f3e00000, 0x0000000100000000)
  eden space 382464K, 100% used [0x00000000d5580000,0x00000000ecb00000,0x00000000ecb00000)
  from space 58880K, 29% used [0x00000000ecb00000,0x00000000edbdc050,0x00000000f0480000)
  to   space 57856K, 0% used [0x00000000f0580000,0x00000000f0580000,0x00000000f3e00000)
 ParOldGen       total 201216K, used 92526K [0x0000000080000000, 0x000000008c480000, 0x00000000d5580000)
  object space 201216K, 45% used [0x0000000080000000,0x0000000085a5bb68,0x000000008c480000)
 Metaspace       used 107837K, capacity 113133K, committed 113228K, reserved 1146880K
  class space    used 13840K, capacity 14869K, committed 14964K, reserved 1048576K
Event: 9352.460 GC heap after
Heap after GC invocations=33 (full 5):
 PSYoungGen      total 440320K, used 15936K [0x00000000d5580000, 0x00000000f3e00000, 0x0000000100000000)
  eden space 382464K, 0% used [0x00000000d5580000,0x00000000d5580000,0x00000000ecb00000)
  from space 57856K, 27% used [0x00000000f0580000,0x00000000f1510328,0x00000000f3e00000)
  to   space 58880K, 0% used [0x00000000ecb00000,0x00000000ecb00000,0x00000000f0480000)
 ParOldGen       total 201216K, used 97554K [0x0000000080000000, 0x000000008c480000, 0x00000000d5580000)
  object space 201216K, 48% used [0x0000000080000000,0x0000000085f448f0,0x000000008c480000)
 Metaspace       used 107837K, capacity 113133K, committed 113228K, reserved 1146880K
  class space    used 13840K, capacity 14869K, committed 14964K, reserved 1048576K
}
Event: 9355.899 GC heap before
{Heap before GC invocations=34 (full 5):
 PSYoungGen      total 440320K, used 398400K [0x00000000d5580000, 0x00000000f3e00000, 0x0000000100000000)
  eden space 382464K, 100% used [0x00000000d5580000,0x00000000ecb00000,0x00000000ecb00000)
  from space 57856K, 27% used [0x00000000f0580000,0x00000000f1510328,0x00000000f3e00000)
  to   space 58880K, 0% used [0x00000000ecb00000,0x00000000ecb00000,0x00000000f0480000)
 ParOldGen       total 201216K, used 97554K [0x0000000080000000, 0x000000008c480000, 0x00000000d5580000)
  object space 201216K, 48% used [0x0000000080000000,0x0000000085f448f0,0x000000008c480000)
 Metaspace       used 107958K, capacity 113359K, committed 113484K, reserved 1148928K
  class space    used 13852K, capacity 14884K, committed 14964K, reserved 1048576K
Event: 9355.976 GC heap after
Heap after GC invocations=34 (full 5):
 PSYoungGen      total 441344K, used 14202K [0x00000000d5580000, 0x00000000f3e00000, 0x0000000100000000)
  eden space 382464K, 0% used [0x00000000d5580000,0x00000000d5580000,0x00000000ecb00000)
  from space 58880K, 24% used [0x00000000ecb00000,0x00000000ed8dea50,0x00000000f0480000)
  to   space 57856K, 0% used [0x00000000f0580000,0x00000000f0580000,0x00000000f3e00000)
 ParOldGen       total 201216K, used 99522K [0x0000000080000000, 0x000000008c480000, 0x00000000d5580000)
  object space 201216K, 49% used [0x0000000080000000,0x00000000861308f0,0x000000008c480000)
 Metaspace       used 107958K, capacity 113359K, committed 113484K, reserved 1148928K
  class space    used 13852K, capacity 14884K, committed 14964K, reserved 1048576K
}

Deoptimization events (10 events):
Event: 9349.851 Thread 0x000000001c664000 Uncommon trap: reason=class_check action=maybe_recompile pc=0x0000000006a8b67c method=com.android.tools.r8.ir.conversion.N.g(I)V @ 9
Event: 9351.655 Thread 0x000000001c662800 Uncommon trap: reason=unstable_if action=reinterpret pc=0x000000000700b1c0 method=com.android.tools.r8.ir.optimize.a0.a(Ljava/util/Map;I)V @ 29
Event: 9351.951 Thread 0x000000001c667000 Uncommon trap: reason=unstable_if action=reinterpret pc=0x00000000061a91ac method=com.android.tools.r8.graph.g0.computeEquals(Ljava/lang/Object;)Z @ 37
Event: 9353.073 Thread 0x000000001c667000 Uncommon trap: reason=class_check action=maybe_recompile pc=0x0000000003c661f0 method=com.android.tools.r8.s.a.h.e.b(Lcom/android/tools/r8/s/b/k0;)V @ 142
Event: 9353.073 Thread 0x000000001c667000 Uncommon trap: reason=class_check action=maybe_recompile pc=0x0000000003c661f0 method=com.android.tools.r8.s.a.h.e.b(Lcom/android/tools/r8/s/b/k0;)V @ 142
Event: 9353.950 Thread 0x000000001c664000 Uncommon trap: reason=class_check action=maybe_recompile pc=0x000000000704f83c method=com.android.tools.r8.ir.conversion.o.a(Lcom/android/tools/r8/ir/conversion/N;IZ)V @ 524
Event: 9354.565 Thread 0x000000001c667000 Uncommon trap: reason=bimorphic action=maybe_recompile pc=0x000000000740ad4c method=com.android.tools.r8.ir.conversion.N.a(Lcom/android/tools/r8/s/b/B0;)V @ 196
Event: 9354.568 Thread 0x000000001c667000 Uncommon trap: reason=bimorphic action=maybe_recompile pc=0x000000000740ad4c method=com.android.tools.r8.ir.conversion.N.a(Lcom/android/tools/r8/s/b/B0;)V @ 196
Event: 9354.570 Thread 0x000000001c667000 Uncommon trap: reason=bimorphic action=maybe_recompile pc=0x000000000740ad4c method=com.android.tools.r8.ir.conversion.N.a(Lcom/android/tools/r8/s/b/B0;)V @ 196
Event: 9354.694 Thread 0x000000001c667000 Uncommon trap: reason=bimorphic action=maybe_recompile pc=0x000000000740ad4c method=com.android.tools.r8.ir.conversion.N.a(Lcom/android/tools/r8/s/b/B0;)V @ 196

Classes redefined (0 events):
No events

Internal exceptions (10 events):
Event: 9353.745 Thread 0x000000001c664000 Exception <a 'sun/nio/fs/WindowsException'> (0x00000000db791320) thrown at [C:\src\AOSP-openjdk-git\hotspot\src\share\vm\prims\jni.cpp, line 710]
Event: 9353.880 Thread 0x000000001c663800 Exception <a 'sun/nio/fs/WindowsException'> (0x00000000dd7f7890) thrown at [C:\src\AOSP-openjdk-git\hotspot\src\share\vm\prims\jni.cpp, line 710]
Event: 9354.757 Thread 0x000000001c663800 Exception <a 'sun/nio/fs/WindowsException'> (0x00000000e4f811e8) thrown at [C:\src\AOSP-openjdk-git\hotspot\src\share\vm\prims\jni.cpp, line 710]
Event: 9354.844 Thread 0x000000001c667000 Exception <a 'sun/nio/fs/WindowsException'> (0x00000000e60ac778) thrown at [C:\src\AOSP-openjdk-git\hotspot\src\share\vm\prims\jni.cpp, line 710]
Event: 9354.956 Thread 0x000000001c664000 Exception <a 'sun/nio/fs/WindowsException'> (0x00000000e6ce7b00) thrown at [C:\src\AOSP-openjdk-git\hotspot\src\share\vm\prims\jni.cpp, line 710]
Event: 9355.190 Thread 0x000000001c664000 Exception <a 'sun/nio/fs/WindowsException'> (0x00000000e7a791f0) thrown at [C:\src\AOSP-openjdk-git\hotspot\src\share\vm\prims\jni.cpp, line 710]
Event: 9355.233 Thread 0x000000001c667000 Exception <a 'sun/nio/fs/WindowsException'> (0x00000000e75a0160) thrown at [C:\src\AOSP-openjdk-git\hotspot\src\share\vm\prims\jni.cpp, line 710]
Event: 9355.401 Thread 0x000000001c663800 Exception <a 'sun/nio/fs/WindowsException'> (0x00000000e9194f60) thrown at [C:\src\AOSP-openjdk-git\hotspot\src\share\vm\prims\jni.cpp, line 710]
Event: 9356.186 Thread 0x000000001c664000 Exception <a 'sun/nio/fs/WindowsException'> (0x00000000d747f2b0) thrown at [C:\src\AOSP-openjdk-git\hotspot\src\share\vm\prims\jni.cpp, line 710]
Event: 9356.488 Thread 0x000000001c667000 Exception <a 'sun/nio/fs/WindowsException'> (0x00000000d7baef48) thrown at [C:\src\AOSP-openjdk-git\hotspot\src\share\vm\prims\jni.cpp, line 710]

Events (10 events):
Event: 9355.997 Thread 0x000000001c663800 DEOPT PACKING pc=0x000000000716abac sp=0x000000001fcc9ba0
Event: 9355.997 Thread 0x000000001c663800 DEOPT UNPACKING pc=0x00000000033371d0 sp=0x000000001fcc9bf0 mode 0
Event: 9356.038 Thread 0x000000001c662800 DEOPT PACKING pc=0x0000000006678030 sp=0x000000001fbca490
Event: 9356.038 Thread 0x000000001c662800 DEOPT UNPACKING pc=0x00000000033371d0 sp=0x000000001fbca2d8 mode 0
Event: 9356.142 Thread 0x000000001c663800 DEOPT PACKING pc=0x000000000716af51 sp=0x000000001fcc9ba0
Event: 9356.142 Thread 0x000000001c663800 DEOPT UNPACKING pc=0x00000000033371d0 sp=0x000000001fcc9be8 mode 0
Event: 9356.168 Thread 0x000000001c664000 DEOPT PACKING pc=0x0000000006678030 sp=0x000000001fdc9e30
Event: 9356.168 Thread 0x000000001c664000 DEOPT UNPACKING pc=0x00000000033371d0 sp=0x000000001fdc9c78 mode 0
Event: 9356.496 Thread 0x000000001c663800 DEOPT PACKING pc=0x000000000716abac sp=0x000000001fcc9ba0
Event: 9356.496 Thread 0x000000001c663800 DEOPT UNPACKING pc=0x00000000033371d0 sp=0x000000001fcc9bf0 mode 0


Dynamic libraries:
0x00007ff760a50000 - 0x00007ff760a81000 	D:\Android Studio 4.1\jre\bin\java.exe
0x00007ff9dcc30000 - 0x00007ff9dce25000 	C:\WINDOWS\SYSTEM32\ntdll.dll
0x00007ff9dc3f0000 - 0x00007ff9dc4ae000 	C:\WINDOWS\System32\KERNEL32.DLL
0x00007ff9da990000 - 0x00007ff9dac58000 	C:\WINDOWS\System32\KERNELBASE.dll
0x00007ff9db770000 - 0x00007ff9db81e000 	C:\WINDOWS\System32\ADVAPI32.dll
0x00007ff9dc510000 - 0x00007ff9dc5ae000 	C:\WINDOWS\System32\msvcrt.dll
0x00007ff9dc980000 - 0x00007ff9dca1c000 	C:\WINDOWS\System32\sechost.dll
0x00007ff9dba50000 - 0x00007ff9dbb75000 	C:\WINDOWS\System32\RPCRT4.dll
0x00007ff9db150000 - 0x00007ff9db2f0000 	C:\WINDOWS\System32\USER32.dll
0x00007ff9dac60000 - 0x00007ff9dac82000 	C:\WINDOWS\System32\win32u.dll
0x00007ff9dad50000 - 0x00007ff9dad7a000 	C:\WINDOWS\System32\GDI32.dll
0x00007ff9da6b0000 - 0x00007ff9da7bb000 	C:\WINDOWS\System32\gdi32full.dll
0x00007ff9da8f0000 - 0x00007ff9da98d000 	C:\WINDOWS\System32\msvcp_win.dll
0x00007ff9da450000 - 0x00007ff9da550000 	C:\WINDOWS\System32\ucrtbase.dll
0x00007ff9cc4f0000 - 0x00007ff9cc78a000 	C:\WINDOWS\WinSxS\amd64_microsoft.windows.common-controls_6595b64144ccf1df_6.0.19041.1110_none_60b5254171f9507e\COMCTL32.dll
0x00007ff9dad20000 - 0x00007ff9dad50000 	C:\WINDOWS\System32\IMM32.DLL
0x000000006ee90000 - 0x000000006ef62000 	D:\Android Studio 4.1\jre\jre\bin\msvcr100.dll
0x000000006f8c0000 - 0x000000007010b000 	D:\Android Studio 4.1\jre\jre\bin\server\jvm.dll
0x00007ff9db010000 - 0x00007ff9db018000 	C:\WINDOWS\System32\PSAPI.DLL
0x00007ff9d1dc0000 - 0x00007ff9d1de7000 	C:\WINDOWS\SYSTEM32\WINMM.dll
0x00007ff9d1df0000 - 0x00007ff9d1dfa000 	C:\WINDOWS\SYSTEM32\VERSION.dll
0x00007ff9d4660000 - 0x00007ff9d4669000 	C:\WINDOWS\SYSTEM32\WSOCK32.dll
0x00007ff9dc910000 - 0x00007ff9dc97b000 	C:\WINDOWS\System32\ws2_32.DLL
0x00007ff9d2640000 - 0x00007ff9d264f000 	D:\Android Studio 4.1\jre\jre\bin\verify.dll
0x00007ff9bc860000 - 0x00007ff9bc889000 	D:\Android Studio 4.1\jre\jre\bin\java.dll
0x00007ff9bc780000 - 0x00007ff9bc796000 	D:\Android Studio 4.1\jre\jre\bin\zip.dll
0x00007ff9dbca0000 - 0x00007ff9dc3e4000 	C:\WINDOWS\System32\SHELL32.dll
0x00007ff9d8110000 - 0x00007ff9d88a4000 	C:\WINDOWS\SYSTEM32\windows.storage.dll
0x00007ff9dc5b0000 - 0x00007ff9dc904000 	C:\WINDOWS\System32\combase.dll
0x00007ff9d9cf0000 - 0x00007ff9d9d1c000 	C:\WINDOWS\SYSTEM32\Wldp.dll
0x00007ff9dae90000 - 0x00007ff9daf3d000 	C:\WINDOWS\System32\SHCORE.dll
0x00007ff9daf50000 - 0x00007ff9dafa5000 	C:\WINDOWS\System32\shlwapi.dll
0x00007ff9da290000 - 0x00007ff9da2af000 	C:\WINDOWS\SYSTEM32\profapi.dll
0x00007ff9bc760000 - 0x00007ff9bc77a000 	D:\Android Studio 4.1\jre\jre\bin\net.dll
0x00007ff9d9a50000 - 0x00007ff9d9aba000 	C:\WINDOWS\system32\mswsock.dll
0x00007ff9bc710000 - 0x00007ff9bc723000 	D:\Android Studio 4.1\jre\jre\bin\nio.dll
0x00007ff9a0f80000 - 0x00007ff9a0fa7000 	C:\Users\LENOVO\.gradle\native\f6784746aeab05261644944871eae4fe03e0ef1612fff0a4a95f87b438bc6780\windows-amd64\native-platform.dll
0x00007ff9c94b0000 - 0x00007ff9c94bd000 	D:\Android Studio 4.1\jre\jre\bin\management.dll
0x00007ff9d9c40000 - 0x00007ff9d9c58000 	C:\WINDOWS\SYSTEM32\CRYPTSP.dll
0x00007ff9d93d0000 - 0x00007ff9d9404000 	C:\WINDOWS\system32\rsaenh.dll
0x00007ff9da8c0000 - 0x00007ff9da8e7000 	C:\WINDOWS\System32\bcrypt.dll
0x00007ff9da250000 - 0x00007ff9da27e000 	C:\WINDOWS\SYSTEM32\USERENV.dll
0x00007ff9da350000 - 0x00007ff9da3d2000 	C:\WINDOWS\System32\bcryptprimitives.dll
0x00007ff9d9c60000 - 0x00007ff9d9c6c000 	C:\WINDOWS\SYSTEM32\CRYPTBASE.dll
0x00007ff9d9740000 - 0x00007ff9d977b000 	C:\WINDOWS\SYSTEM32\IPHLPAPI.DLL
0x00007ff9db760000 - 0x00007ff9db768000 	C:\WINDOWS\System32\NSI.dll
0x00007ff9ce980000 - 0x00007ff9ce997000 	C:\WINDOWS\SYSTEM32\dhcpcsvc6.DLL
0x00007ff9cecd0000 - 0x00007ff9ceced000 	C:\WINDOWS\SYSTEM32\dhcpcsvc.DLL
0x00007ff9d9780000 - 0x00007ff9d984b000 	C:\WINDOWS\SYSTEM32\DNSAPI.dll
0x00007ff9cf210000 - 0x00007ff9cf21b000 	C:\WINDOWS\SYSTEM32\WINNSI.DLL
0x00007ff9bb930000 - 0x00007ff9bb954000 	D:\Android Studio 4.1\jre\jre\bin\sunec.dll
0x00007ff9cf220000 - 0x00007ff9cf22a000 	C:\Windows\System32\rasadhlp.dll
0x00007ff9cba10000 - 0x00007ff9cba8f000 	C:\WINDOWS\System32\fwpuclnt.dll
0x00007ff9d2620000 - 0x00007ff9d262b000 	D:\Android Studio 4.1\jre\jre\bin\sunmscapi.dll
0x00007ff9da550000 - 0x00007ff9da6a6000 	C:\WINDOWS\System32\CRYPT32.dll
0x00007ff9d9060000 - 0x00007ff9d9093000 	C:\WINDOWS\SYSTEM32\ntmarta.dll
0x00007ff9d79a0000 - 0x00007ff9d7a30000 	C:\WINDOWS\system32\apphelp.dll

VM Arguments:
jvm_args: -Xmx2048m -Dfile.encoding=UTF-8 -Duser.country=US -Duser.language=en -Duser.variant 
java_command: org.gradle.launcher.daemon.bootstrap.GradleDaemon 6.5
java_class_path (initial): C:\Users\LENOVO\.gradle\wrapper\dists\gradle-6.5-bin\6nifqtx7604sqp1q6g8wikw7p\gradle-6.5\lib\gradle-launcher-6.5.jar
Launcher Type: SUN_STANDARD

Environment Variables:
JAVA_HOME=C:\Program Files\Java\jdk1.8.0_311
PATH=C:\Program Files\Common Files\Oracle\Java\javapath;C:\Program Files (x86)\Common Files\Oracle\Java\javapath;C:\WINDOWS\system32;C:\WINDOWS;C:\WINDOWS\System32\Wbem;C:\WINDOWS\System32\WindowsPowerShell\v1.0\;C:\WINDOWS\System32\OpenSSH\;C:\Program Files\mingw-w64\x86_64-8.1.0-posix-seh-rt_v6-rev0\mingw64\bin;D:\runtime\win64;D:\bin;C:\Program Files\Microsoft SQL Server\Client SDK\ODBC\170\Tools\Binn\;C:\Program Files (x86)\Microsoft SQL Server\150\Tools\Binn\;C:\Program Files\Microsoft SQL Server\150\Tools\Binn\;C:\Program Files\Microsoft SQL Server\150\DTS\Binn\;C:\Program Files (x86)\Microsoft SQL Server\150\DTS\Binn\;C:\Program Files\Azure Data Studio\bin;C:\Program Files\mingw-w64\x86_64-8.1.0-posix-seh-rt_v6-rev0\mingw64;D:\flutter\bin;C:\Program Files\Java\jdk1.8.0_311\bin;C:\Users\LENOVO\AppData\Local\Android\Sdk\platform-tools;C:\Users\LENOVO\AppData\Local\Android\Sdk\tools;C:\Users\LENOVO\AppData\Roaming\Python\Python310\Scripts;D:\PEMWEB\XAMPP\php;C:\ProgramData\ComposerSetup\bin;C:\WINDOWS\system32\config\systemprofile\AppData\Roaming\Composer\vendor\bin;D:\Git\Git\cmd;C:\Program Files\nodejs\;C:\Users\LENOVO\AppData\Local\Programs\Python\Python310\Scripts\;C:\Users\LENOVO\AppData\Local\Programs\Python\Python310\;C:\Users\LENOVO\AppData\Local\Microsoft\WindowsApps;C:\Program Files\Azure Data Studio\bin;D:\Microsoft VS Code\bin;C:\Users\LENOVO\AppData\Local\Android\Sdk\platform-tools;C:\Users\LENOVO\AppData\Local\Android\Sdk\tools;C:\Users\LENOVO\AppData\Roaming\Composer\vendor\bin;C:\Users\LENOVO\AppData\Roaming\npm
USERNAME=LENOVO
OS=Windows_NT
PROCESSOR_IDENTIFIER=AMD64 Family 23 Model 24 Stepping 1, AuthenticAMD



---------------  S Y S T E M  ---------------

OS: Windows 10.0 , 64 bit Build 19041 (10.0.19041.1645)

CPU:total 4 (initial active 4) (4 cores per cpu, 1 threads per core) family 23 model 24 stepping 1, cmov, cx8, fxsr, mmx, sse, sse2, sse3, ssse3, sse4.1, sse4.2, popcnt, avx, avx2, aes, clmul, mmxext, 3dnowpref, lzcnt, sse4a, tsc, tscinvbit, tscinv, bmi1

Memory: 4k page, physical 3543304k(159908k free), swap 14553352k(7084k free)

vm_info: OpenJDK 64-Bit Server VM (25.242-b01) for windows-amd64 JRE (1.8.0_242-release-1644-b01), built by "builder" with MS VC++ 10.0 (VS2010)

time: Mon Jul 04 17:52:01 2022
timezone: SE Asia Standard Time
elapsed time: 9356 seconds (0d 2h 35m 56s)

